<?xml version="1.0" encoding="UTF-8"?>
<!-- Generated by org.testng.reporters.JUnitXMLReporter -->
<testsuite hostname="DESKTOP-5EESGLJ" name="GroupsTest1" tests="4" failures="0" timestamp="29 Oct 2017 11:15:42 GMT" time="0.021" errors="0">
  <testcase name="test1" time="0.001" classname="TestNGEx1.GroupsTest1"/>
  <testcase name="test2" time="0.002" classname="TestNGEx1.GroupsTest1"/>
  <testcase name="test3" time="0.002" classname="TestNGEx1.GroupsTest1"/>
  <testcase name="test5" time="0.004" classname="TestNGEx1.GroupsTest1"/>
</testsuite> <!-- GroupsTest1 -->
