<?xml version="1.0" encoding="UTF-8"?>
<testng-results skipped="0" failed="0" total="2" passed="2">
  <reporter-output>
  </reporter-output>
  <suite name="Default suite" duration-ms="47" started-at="2017-10-22T05:58:07Z" finished-at="2017-10-22T05:58:07Z">
    <groups>
    </groups>
    <test name="Default test" duration-ms="47" started-at="2017-10-22T05:58:07Z" finished-at="2017-10-22T05:58:07Z">
      <class name="TestNGEx.AllAnnatations">
        <test-method status="PASS" signature="BC()[pri:0, instance:TestNGEx.AllAnnatations@4501b7af]" name="BC" is-config="true" duration-ms="11" started-at="2017-10-22T11:28:07Z" finished-at="2017-10-22T11:28:07Z">
          <reporter-output>
          </reporter-output>
        </test-method> <!-- BC -->
        <test-method status="PASS" signature="BM()[pri:0, instance:TestNGEx.AllAnnatations@4501b7af]" name="BM" is-config="true" duration-ms="0" started-at="2017-10-22T11:28:07Z" finished-at="2017-10-22T11:28:07Z">
          <reporter-output>
          </reporter-output>
        </test-method> <!-- BM -->
        <test-method status="PASS" signature="test6()[pri:0, instance:TestNGEx.AllAnnatations@4501b7af]" name="test6" duration-ms="6" started-at="2017-10-22T11:28:07Z" finished-at="2017-10-22T11:28:07Z">
          <reporter-output>
          </reporter-output>
        </test-method> <!-- test6 -->
        <test-method status="PASS" signature="AM()[pri:0, instance:TestNGEx.AllAnnatations@4501b7af]" name="AM" is-config="true" duration-ms="1" started-at="2017-10-22T11:28:07Z" finished-at="2017-10-22T11:28:07Z">
          <reporter-output>
          </reporter-output>
        </test-method> <!-- AM -->
        <test-method status="PASS" signature="BM()[pri:0, instance:TestNGEx.AllAnnatations@4501b7af]" name="BM" is-config="true" duration-ms="0" started-at="2017-10-22T11:28:07Z" finished-at="2017-10-22T11:28:07Z">
          <reporter-output>
          </reporter-output>
        </test-method> <!-- BM -->
        <test-method status="PASS" signature="test7()[pri:0, instance:TestNGEx.AllAnnatations@4501b7af]" name="test7" duration-ms="2" started-at="2017-10-22T11:28:07Z" finished-at="2017-10-22T11:28:07Z">
          <reporter-output>
          </reporter-output>
        </test-method> <!-- test7 -->
        <test-method status="PASS" signature="AM()[pri:0, instance:TestNGEx.AllAnnatations@4501b7af]" name="AM" is-config="true" duration-ms="0" started-at="2017-10-22T11:28:07Z" finished-at="2017-10-22T11:28:07Z">
          <reporter-output>
          </reporter-output>
        </test-method> <!-- AM -->
        <test-method status="PASS" signature="AC()[pri:0, instance:TestNGEx.AllAnnatations@4501b7af]" name="AC" is-config="true" duration-ms="0" started-at="2017-10-22T11:28:07Z" finished-at="2017-10-22T11:28:07Z">
          <reporter-output>
          </reporter-output>
        </test-method> <!-- AC -->
      </class> <!-- TestNGEx.AllAnnatations -->
    </test> <!-- Default test -->
  </suite> <!-- Default suite -->
</testng-results>
